<?xml version="1.0" encoding="UTF-8"?>
<!-- Generated by org.testng.reporters.JUnitReportReporter -->
<testsuite skipped="0" hostname="WS-8192" name="SeleniumAutomation.Automation.NotificationTest" tests="1" failures="0" timestamp="2020-03-06T22:23:42 IST" time="5.497" errors="0">
  <testcase name="test" time="5.497" classname="SeleniumAutomation.Automation.NotificationTest"/>
</testsuite> <!-- SeleniumAutomation.Automation.NotificationTest -->
