<?xml version="1.0" encoding="UTF-8"?>
<!-- Generated by org.testng.reporters.JUnitReportReporter -->
<testsuite skipped="0" hostname="LAPTOP-6I5FEE09" name="SeleniumAutomation.Automation.NotificationTest" tests="1" failures="0" timestamp="2020-03-07T01:03:11 IST" time="4.974" errors="0">
  <testcase name="test" time="4.974" classname="SeleniumAutomation.Automation.NotificationTest"/>
</testsuite> <!-- SeleniumAutomation.Automation.NotificationTest -->
